# JRE version: OpenJDK Runtime Environment (11.0.15) (build 11.0.15+0-b2043.56-9505619)
# Java VM: OpenJDK 64-Bit Server VM (11.0.15+0-b2043.56-9505619, mixed mode, tiered, compressed oops, g1 gc, windows-amd64)
Heap:
 garbage-first heap   total 600064K, used 193188K [0x0000000080000000, 0x0000000100000000)
  region size 1024K, 6 young (6144K), 6 survivors (6144K)
 Metaspace       used 123989K, capacity 127968K, committed 128168K, reserved 1161216K
  class space    used 15897K, capacity 17523K, committed 17560K, reserved 1048576K
GC Heap History (20 events):
Event: 115.720 GC heap after
{Heap after GC invocations=70 (full 0):
 garbage-first heap   total 196608K, used 138400K [0x0000000080000000, 0x0000000100000000)
  region size 1024K, 2 young (2048K), 2 survivors (2048K)
 Metaspace       used 116565K, capacity 119807K, committed 119976K, reserved 1153024K
  class space    used 14662K, capacity 15953K, committed 16024K, reserved 1048576K
}
Event: 115.849 GC heap before
{Heap before GC invocations=70 (full 0):
 garbage-first heap   total 196608K, used 158880K [0x0000000080000000, 0x0000000100000000)
  region size 1024K, 23 young (23552K), 2 survivors (2048K)
 Metaspace       used 116958K, capacity 120284K, committed 120616K, reserved 1155072K
  class space    used 14732K, capacity 16068K, committed 16152K, reserved 1048576K
}
Event: 115.857 GC heap after
{Heap after GC invocations=71 (full 0):
 garbage-first heap   total 196608K, used 143120K [0x0000000080000000, 0x0000000100000000)
  region size 1024K, 3 young (3072K), 3 survivors (3072K)
 Metaspace       used 116958K, capacity 120284K, committed 120616K, reserved 1155072K
  class space    used 14732K, capacity 16068K, committed 16152K, reserved 1048576K
}
Event: 115.949 GC heap before
{Heap before GC invocations=71 (full 0):
 garbage-first heap   total 196608K, used 161552K [0x0000000080000000, 0x0000000100000000)
  region size 1024K, 22 young (22528K), 3 survivors (3072K)
 Metaspace       used 117327K, capacity 120694K, committed 121000K, reserved 1155072K
  class space    used 14791K, capacity 16162K, committed 16280K, reserved 1048576K
}
Event: 115.960 GC heap after
{Heap after GC invocations=72 (full 0):
 garbage-first heap   total 236544K, used 146080K [0x0000000080000000, 0x0000000100000000)
  region size 1024K, 3 young (3072K), 3 survivors (3072K)
 Metaspace       used 117327K, capacity 120694K, committed 121000K, reserved 1155072K
  class space    used 14791K, capacity 16162K, committed 16280K, reserved 1048576K
}
Event: 116.185 GC heap before
{Heap before GC invocations=72 (full 0):
 garbage-first heap   total 236544K, used 179872K [0x0000000080000000, 0x0000000100000000)
  region size 1024K, 37 young (37888K), 3 survivors (3072K)
 Metaspace       used 118282K, capacity 121763K, committed 121896K, reserved 1155072K
  class space    used 14940K, capacity 16332K, committed 16408K, reserved 1048576K
}
Event: 116.197 GC heap after
{Heap after GC invocations=73 (full 0):
 garbage-first heap   total 236544K, used 152110K [0x0000000080000000, 0x0000000100000000)
  region size 1024K, 5 young (5120K), 5 survivors (5120K)
 Metaspace       used 118282K, capacity 121763K, committed 121896K, reserved 1155072K
  class space    used 14940K, capacity 16332K, committed 16408K, reserved 1048576K
}
Event: 116.311 GC heap before
{Heap before GC invocations=73 (full 0):
 garbage-first heap   total 236544K, used 184878K [0x0000000080000000, 0x0000000100000000)
  region size 1024K, 38 young (38912K), 5 survivors (5120K)
 Metaspace       used 118704K, capacity 122159K, committed 122536K, reserved 1155072K
  class space    used 15002K, capacity 16398K, committed 16536K, reserved 1048576K
}
Event: 116.319 GC heap after
{Heap after GC invocations=74 (full 0):
 garbage-first heap   total 236544K, used 154925K [0x0000000080000000, 0x0000000100000000)
  region size 1024K, 4 young (4096K), 4 survivors (4096K)
 Metaspace       used 118704K, capacity 122159K, committed 122536K, reserved 1155072K
  class space    used 15002K, capacity 16398K, committed 16536K, reserved 1048576K
}
Event: 116.493 GC heap before
{Heap before GC invocations=74 (full 0):
 garbage-first heap   total 236544K, used 188717K [0x0000000080000000, 0x0000000100000000)
  region size 1024K, 37 young (37888K), 4 survivors (4096K)
 Metaspace       used 119036K, capacity 122488K, committed 122792K, reserved 1155072K
  class space    used 15064K, capacity 16467K, committed 16536K, reserved 1048576K
}
Event: 116.503 GC heap after
{Heap after GC invocations=75 (full 0):
 garbage-first heap   total 236544K, used 158516K [0x0000000080000000, 0x0000000100000000)
  region size 1024K, 4 young (4096K), 4 survivors (4096K)
 Metaspace       used 119036K, capacity 122488K, committed 122792K, reserved 1155072K
  class space    used 15064K, capacity 16467K, committed 16536K, reserved 1048576K
}
Event: 116.630 GC heap before
{Heap before GC invocations=75 (full 0):
 garbage-first heap   total 236544K, used 192308K [0x0000000080000000, 0x0000000100000000)
  region size 1024K, 37 young (37888K), 4 survivors (4096K)
 Metaspace       used 119260K, capacity 122747K, committed 122792K, reserved 1155072K
  class space    used 15110K, capacity 16512K, committed 16536K, reserved 1048576K
}
Event: 116.646 GC heap after
{Heap after GC invocations=76 (full 0):
 garbage-first heap   total 303104K, used 162503K [0x0000000080000000, 0x0000000100000000)
  region size 1024K, 5 young (5120K), 5 survivors (5120K)
 Metaspace       used 119260K, capacity 122747K, committed 122792K, reserved 1155072K
  class space    used 15110K, capacity 16512K, committed 16536K, reserved 1048576K
}
Event: 117.226 GC heap before
{Heap before GC invocations=76 (full 0):
 garbage-first heap   total 303104K, used 220871K [0x0000000080000000, 0x0000000100000000)
  region size 1024K, 61 young (62464K), 5 survivors (5120K)
 Metaspace       used 121375K, capacity 125131K, committed 125352K, reserved 1157120K
  class space    used 15492K, capacity 16984K, committed 17048K, reserved 1048576K
}
Event: 117.249 GC heap after
{Heap after GC invocations=77 (full 0):
 garbage-first heap   total 303104K, used 170900K [0x0000000080000000, 0x0000000100000000)
  region size 1024K, 8 young (8192K), 8 survivors (8192K)
 Metaspace       used 121375K, capacity 125131K, committed 125352K, reserved 1157120K
  class space    used 15492K, capacity 16984K, committed 17048K, reserved 1048576K
}
Event: 117.699 GC heap before
{Heap before GC invocations=77 (full 0):
 garbage-first heap   total 303104K, used 228244K [0x0000000080000000, 0x0000000100000000)
  region size 1024K, 64 young (65536K), 8 survivors (8192K)
 Metaspace       used 122165K, capacity 125991K, committed 126248K, reserved 1159168K
  class space    used 15609K, capacity 17142K, committed 17176K, reserved 1048576K
}
Event: 117.726 GC heap after
{Heap after GC invocations=78 (full 0):
 garbage-first heap   total 303104K, used 180060K [0x0000000080000000, 0x0000000100000000)
  region size 1024K, 8 young (8192K), 8 survivors (8192K)
 Metaspace       used 122165K, capacity 125991K, committed 126248K, reserved 1159168K
  class space    used 15609K, capacity 17142K, committed 17176K, reserved 1048576K
}
Event: 118.165 GC heap before
{Heap before GC invocations=78 (full 0):
 garbage-first heap   total 303104K, used 234332K [0x0000000080000000, 0x0000000100000000)
  region size 1024K, 62 young (63488K), 8 survivors (8192K)
 Metaspace       used 123083K, capacity 126909K, committed 127144K, reserved 1159168K
  class space    used 15729K, capacity 17276K, committed 17304K, reserved 1048576K
}
Event: 118.187 GC heap after
{Heap after GC invocations=79 (full 0):
 garbage-first heap   total 303104K, used 187765K [0x0000000080000000, 0x0000000100000000)
  region size 1024K, 8 young (8192K), 8 survivors (8192K)
 Metaspace       used 123083K, capacity 126909K, committed 127144K, reserved 1159168K
  class space    used 15729K, capacity 17276K, committed 17304K, reserved 1048576K
}
Event: 118.540 GC heap before
{Heap before GC invocations=79 (full 0):
 garbage-first heap   total 303104K, used 238965K [0x0000000080000000, 0x0000000100000000)
  region size 1024K, 59 young (60416K), 8 survivors (8192K)
 Metaspace       used 123989K, capacity 127968K, committed 128168K, reserved 1161216K
  class space    used 15897K, capacity 17523K, committed 17560K, reserved 1048576K
}

