# JRE version: OpenJDK Runtime Environment (11.0.15) (build 11.0.15+0-b2043.56-9505619)
# Java VM: OpenJDK 64-Bit Server VM (11.0.15+0-b2043.56-9505619, mixed mode, tiered, compressed oops, g1 gc, windows-amd64)
Heap:
 garbage-first heap   total 355328K, used 209347K [0x0000000080000000, 0x0000000100000000)
  region size 1024K, 38 young (38912K), 3 survivors (3072K)
 Metaspace       used 107267K, capacity 110490K, committed 110672K, reserved 1144832K
  class space    used 14233K, capacity 15477K, committed 15588K, reserved 1048576K
GC Heap History (20 events):
Event: 36.251 GC heap before
{Heap before GC invocations=39 (full 0):
 garbage-first heap   total 167936K, used 137261K [0x0000000080000000, 0x0000000100000000)
  region size 1024K, 6 young (6144K), 3 survivors (3072K)
 Metaspace       used 105760K, capacity 108988K, committed 109264K, reserved 1142784K
  class space    used 13928K, capacity 15164K, committed 15204K, reserved 1048576K
}
Event: 36.256 GC heap after
{Heap after GC invocations=40 (full 0):
 garbage-first heap   total 167936K, used 137137K [0x0000000080000000, 0x0000000100000000)
  region size 1024K, 2 young (2048K), 2 survivors (2048K)
 Metaspace       used 105760K, capacity 108988K, committed 109264K, reserved 1142784K
  class space    used 13928K, capacity 15164K, committed 15204K, reserved 1048576K
}
Event: 36.314 GC heap before
{Heap before GC invocations=40 (full 0):
 garbage-first heap   total 167936K, used 145329K [0x0000000080000000, 0x0000000100000000)
  region size 1024K, 8 young (8192K), 2 survivors (2048K)
 Metaspace       used 105775K, capacity 108988K, committed 109264K, reserved 1142784K
  class space    used 13928K, capacity 15164K, committed 15204K, reserved 1048576K
}
Event: 36.321 GC heap after
{Heap after GC invocations=41 (full 0):
 garbage-first heap   total 167936K, used 141503K [0x0000000080000000, 0x0000000100000000)
  region size 1024K, 1 young (1024K), 1 survivors (1024K)
 Metaspace       used 105775K, capacity 108988K, committed 109264K, reserved 1142784K
  class space    used 13928K, capacity 15164K, committed 15204K, reserved 1048576K
}
Event: 36.414 GC heap before
{Heap before GC invocations=41 (full 0):
 garbage-first heap   total 167936K, used 147647K [0x0000000080000000, 0x0000000100000000)
  region size 1024K, 8 young (8192K), 1 survivors (1024K)
 Metaspace       used 105792K, capacity 108989K, committed 109264K, reserved 1142784K
  class space    used 13928K, capacity 15164K, committed 15204K, reserved 1048576K
}
Event: 36.420 GC heap after
{Heap after GC invocations=42 (full 0):
 garbage-first heap   total 167936K, used 145245K [0x0000000080000000, 0x0000000100000000)
  region size 1024K, 1 young (1024K), 1 survivors (1024K)
 Metaspace       used 105792K, capacity 108989K, committed 109264K, reserved 1142784K
  class space    used 13928K, capacity 15164K, committed 15204K, reserved 1048576K
}
Event: 36.493 GC heap before
{Heap before GC invocations=42 (full 0):
 garbage-first heap   total 167936K, used 152413K [0x0000000080000000, 0x0000000100000000)
  region size 1024K, 8 young (8192K), 1 survivors (1024K)
 Metaspace       used 105793K, capacity 108989K, committed 109264K, reserved 1142784K
  class space    used 13928K, capacity 15164K, committed 15204K, reserved 1048576K
}
Event: 36.502 GC heap after
{Heap after GC invocations=43 (full 0):
 garbage-first heap   total 167936K, used 149504K [0x0000000080000000, 0x0000000100000000)
  region size 1024K, 1 young (1024K), 1 survivors (1024K)
 Metaspace       used 105793K, capacity 108989K, committed 109264K, reserved 1142784K
  class space    used 13928K, capacity 15164K, committed 15204K, reserved 1048576K
}
Event: 36.555 GC heap before
{Heap before GC invocations=44 (full 0):
 garbage-first heap   total 167936K, used 157696K [0x0000000080000000, 0x0000000100000000)
  region size 1024K, 8 young (8192K), 1 survivors (1024K)
 Metaspace       used 105793K, capacity 108989K, committed 109264K, reserved 1142784K
  class space    used 13928K, capacity 15164K, committed 15204K, reserved 1048576K
}
Event: 36.567 GC heap after
{Heap after GC invocations=45 (full 0):
 garbage-first heap   total 201728K, used 153838K [0x0000000080000000, 0x0000000100000000)
  region size 1024K, 1 young (1024K), 1 survivors (1024K)
 Metaspace       used 105793K, capacity 108989K, committed 109264K, reserved 1142784K
  class space    used 13928K, capacity 15164K, committed 15204K, reserved 1048576K
}
Event: 36.625 GC heap before
{Heap before GC invocations=45 (full 0):
 garbage-first heap   total 201728K, used 161006K [0x0000000080000000, 0x0000000100000000)
  region size 1024K, 9 young (9216K), 1 survivors (1024K)
 Metaspace       used 105793K, capacity 108989K, committed 109264K, reserved 1142784K
  class space    used 13928K, capacity 15164K, committed 15204K, reserved 1048576K
}
Event: 36.633 GC heap after
{Heap after GC invocations=46 (full 0):
 garbage-first heap   total 201728K, used 157138K [0x0000000080000000, 0x0000000100000000)
  region size 1024K, 2 young (2048K), 2 survivors (2048K)
 Metaspace       used 105793K, capacity 108989K, committed 109264K, reserved 1142784K
  class space    used 13928K, capacity 15164K, committed 15204K, reserved 1048576K
}
Event: 36.680 GC heap before
{Heap before GC invocations=46 (full 0):
 garbage-first heap   total 201728K, used 166354K [0x0000000080000000, 0x0000000100000000)
  region size 1024K, 11 young (11264K), 2 survivors (2048K)
 Metaspace       used 105794K, capacity 108989K, committed 109264K, reserved 1142784K
  class space    used 13928K, capacity 15164K, committed 15204K, reserved 1048576K
}
Event: 36.690 GC heap after
{Heap after GC invocations=47 (full 0):
 garbage-first heap   total 201728K, used 160442K [0x0000000080000000, 0x0000000100000000)
  region size 1024K, 2 young (2048K), 2 survivors (2048K)
 Metaspace       used 105794K, capacity 108989K, committed 109264K, reserved 1142784K
  class space    used 13928K, capacity 15164K, committed 15204K, reserved 1048576K
}
Event: 36.978 GC heap before
{Heap before GC invocations=47 (full 0):
 garbage-first heap   total 201728K, used 167610K [0x0000000080000000, 0x0000000100000000)
  region size 1024K, 10 young (10240K), 2 survivors (2048K)
 Metaspace       used 106880K, capacity 110143K, committed 110416K, reserved 1144832K
  class space    used 14223K, capacity 15475K, committed 15588K, reserved 1048576K
}
Event: 36.988 GC heap after
{Heap after GC invocations=48 (full 0):
 garbage-first heap   total 201728K, used 163312K [0x0000000080000000, 0x0000000100000000)
  region size 1024K, 2 young (2048K), 2 survivors (2048K)
 Metaspace       used 106880K, capacity 110143K, committed 110416K, reserved 1144832K
  class space    used 14223K, capacity 15475K, committed 15588K, reserved 1048576K
}
Event: 37.135 GC heap before
{Heap before GC invocations=49 (full 0):
 garbage-first heap   total 201728K, used 170480K [0x0000000080000000, 0x0000000100000000)
  region size 1024K, 9 young (9216K), 2 survivors (2048K)
 Metaspace       used 107111K, capacity 110405K, committed 110672K, reserved 1144832K
  class space    used 14233K, capacity 15477K, committed 15588K, reserved 1048576K
}
Event: 37.155 GC heap after
{Heap after GC invocations=50 (full 0):
 garbage-first heap   total 355328K, used 167032K [0x0000000080000000, 0x0000000100000000)
  region size 1024K, 2 young (2048K), 2 survivors (2048K)
 Metaspace       used 107111K, capacity 110405K, committed 110672K, reserved 1144832K
  class space    used 14233K, capacity 15477K, committed 15588K, reserved 1048576K
}
Event: 37.308 GC heap before
{Heap before GC invocations=50 (full 0):
 garbage-first heap   total 355328K, used 182392K [0x0000000080000000, 0x0000000100000000)
  region size 1024K, 17 young (17408K), 2 survivors (2048K)
 Metaspace       used 107196K, capacity 110475K, committed 110672K, reserved 1144832K
  class space    used 14233K, capacity 15477K, committed 15588K, reserved 1048576K
}
Event: 37.325 GC heap after
{Heap after GC invocations=51 (full 0):
 garbage-first heap   total 355328K, used 175555K [0x0000000080000000, 0x0000000100000000)
  region size 1024K, 3 young (3072K), 3 survivors (3072K)
 Metaspace       used 107196K, capacity 110475K, committed 110672K, reserved 1144832K
  class space    used 14233K, capacity 15477K, committed 15588K, reserved 1048576K
}

