# JRE version: OpenJDK Runtime Environment (11.0.15) (build 11.0.15+0-b2043.56-9505619)
# Java VM: OpenJDK 64-Bit Server VM (11.0.15+0-b2043.56-9505619, mixed mode, tiered, compressed oops, g1 gc, windows-amd64)
Heap:
 garbage-first heap   total 910336K, used 233555K [0x0000000080000000, 0x0000000100000000)
  region size 1024K, 6 young (6144K), 6 survivors (6144K)
 Metaspace       used 100036K, capacity 102995K, committed 103068K, reserved 1138688K
  class space    used 13227K, capacity 14330K, committed 14360K, reserved 1048576K
GC Heap History (20 events):
Event: 34.001 GC heap after
{Heap after GC invocations=35 (full 0):
 garbage-first heap   total 178176K, used 149093K [0x0000000080000000, 0x0000000100000000)
  region size 1024K, 2 young (2048K), 2 survivors (2048K)
 Metaspace       used 93026K, capacity 95644K, committed 96028K, reserved 1132544K
  class space    used 12149K, capacity 13091K, committed 13208K, reserved 1048576K
}
Event: 34.035 GC heap before
{Heap before GC invocations=35 (full 0):
 garbage-first heap   total 178176K, used 154213K [0x0000000080000000, 0x0000000100000000)
  region size 1024K, 8 young (8192K), 2 survivors (2048K)
 Metaspace       used 93042K, capacity 95644K, committed 96028K, reserved 1132544K
  class space    used 12149K, capacity 13091K, committed 13208K, reserved 1048576K
}
Event: 34.042 GC heap after
{Heap after GC invocations=36 (full 0):
 garbage-first heap   total 178176K, used 151397K [0x0000000080000000, 0x0000000100000000)
  region size 1024K, 1 young (1024K), 1 survivors (1024K)
 Metaspace       used 93042K, capacity 95644K, committed 96028K, reserved 1132544K
  class space    used 12149K, capacity 13091K, committed 13208K, reserved 1048576K
}
Event: 34.072 GC heap before
{Heap before GC invocations=36 (full 0):
 garbage-first heap   total 178176K, used 157541K [0x0000000080000000, 0x0000000100000000)
  region size 1024K, 8 young (8192K), 1 survivors (1024K)
 Metaspace       used 93049K, capacity 95644K, committed 96028K, reserved 1132544K
  class space    used 12149K, capacity 13091K, committed 13208K, reserved 1048576K
}
Event: 34.083 GC heap after
{Heap after GC invocations=37 (full 0):
 garbage-first heap   total 214016K, used 154185K [0x0000000080000000, 0x0000000100000000)
  region size 1024K, 1 young (1024K), 1 survivors (1024K)
 Metaspace       used 93049K, capacity 95644K, committed 96028K, reserved 1132544K
  class space    used 12149K, capacity 13091K, committed 13208K, reserved 1048576K
}
Event: 34.332 GC heap before
{Heap before GC invocations=37 (full 0):
 garbage-first heap   total 214016K, used 172617K [0x0000000080000000, 0x0000000100000000)
  region size 1024K, 17 young (17408K), 1 survivors (1024K)
 Metaspace       used 93330K, capacity 95947K, committed 96412K, reserved 1132544K
  class space    used 12168K, capacity 13127K, committed 13336K, reserved 1048576K
}
Event: 34.347 GC heap after
{Heap after GC invocations=38 (full 0):
 garbage-first heap   total 214016K, used 161378K [0x0000000080000000, 0x0000000100000000)
  region size 1024K, 3 young (3072K), 3 survivors (3072K)
 Metaspace       used 93330K, capacity 95947K, committed 96412K, reserved 1132544K
  class space    used 12168K, capacity 13127K, committed 13336K, reserved 1048576K
}
Event: 34.450 GC heap before
{Heap before GC invocations=39 (full 0):
 garbage-first heap   total 214016K, used 174690K [0x0000000080000000, 0x0000000100000000)
  region size 1024K, 17 young (17408K), 3 survivors (3072K)
 Metaspace       used 93683K, capacity 96301K, committed 96668K, reserved 1132544K
  class space    used 12220K, capacity 13183K, committed 13336K, reserved 1048576K
}
Event: 34.464 GC heap after
{Heap after GC invocations=40 (full 0):
 garbage-first heap   total 214016K, used 166361K [0x0000000080000000, 0x0000000100000000)
  region size 1024K, 3 young (3072K), 3 survivors (3072K)
 Metaspace       used 93683K, capacity 96301K, committed 96668K, reserved 1132544K
  class space    used 12220K, capacity 13183K, committed 13336K, reserved 1048576K
}
Event: 34.539 GC heap before
{Heap before GC invocations=40 (full 0):
 garbage-first heap   total 214016K, used 178649K [0x0000000080000000, 0x0000000100000000)
  region size 1024K, 15 young (15360K), 3 survivors (3072K)
 Metaspace       used 93812K, capacity 96428K, committed 96668K, reserved 1132544K
  class space    used 12241K, capacity 13224K, committed 13336K, reserved 1048576K
}
Event: 34.555 GC heap after
{Heap after GC invocations=41 (full 0):
 garbage-first heap   total 214016K, used 170918K [0x0000000080000000, 0x0000000100000000)
  region size 1024K, 2 young (2048K), 2 survivors (2048K)
 Metaspace       used 93812K, capacity 96428K, committed 96668K, reserved 1132544K
  class space    used 12241K, capacity 13224K, committed 13336K, reserved 1048576K
}
Event: 34.990 GC heap before
{Heap before GC invocations=41 (full 0):
 garbage-first heap   total 214016K, used 182182K [0x0000000080000000, 0x0000000100000000)
  region size 1024K, 13 young (13312K), 2 survivors (2048K)
 Metaspace       used 95513K, capacity 98214K, committed 98332K, reserved 1134592K
  class space    used 12606K, capacity 13638K, committed 13720K, reserved 1048576K
}
Event: 35.021 GC heap after
{Heap after GC invocations=42 (full 0):
 garbage-first heap   total 428032K, used 171984K [0x0000000080000000, 0x0000000100000000)
  region size 1024K, 1 young (1024K), 1 survivors (1024K)
 Metaspace       used 95513K, capacity 98214K, committed 98332K, reserved 1134592K
  class space    used 12606K, capacity 13638K, committed 13720K, reserved 1048576K
}
Event: 35.680 GC heap before
{Heap before GC invocations=43 (full 0):
 garbage-first heap   total 428032K, used 243664K [0x0000000080000000, 0x0000000100000000)
  region size 1024K, 72 young (73728K), 1 survivors (1024K)
 Metaspace       used 96591K, capacity 99372K, committed 99484K, reserved 1134592K
  class space    used 12788K, capacity 13814K, committed 13848K, reserved 1048576K
}
Event: 35.717 GC heap after
{Heap after GC invocations=44 (full 0):
 garbage-first heap   total 428032K, used 196673K [0x0000000080000000, 0x0000000100000000)
  region size 1024K, 9 young (9216K), 9 survivors (9216K)
 Metaspace       used 96591K, capacity 99372K, committed 99484K, reserved 1134592K
  class space    used 12788K, capacity 13814K, committed 13848K, reserved 1048576K
}
Event: 35.993 GC heap before
{Heap before GC invocations=44 (full 0):
 garbage-first heap   total 428032K, used 266305K [0x0000000080000000, 0x0000000100000000)
  region size 1024K, 77 young (78848K), 9 survivors (9216K)
 Metaspace       used 96714K, capacity 99452K, committed 99740K, reserved 1134592K
  class space    used 12788K, capacity 13814K, committed 13848K, reserved 1048576K
}
Event: 36.054 GC heap after
{Heap after GC invocations=45 (full 0):
 garbage-first heap   total 428032K, used 227956K [0x0000000080000000, 0x0000000100000000)
  region size 1024K, 10 young (10240K), 10 survivors (10240K)
 Metaspace       used 96714K, capacity 99452K, committed 99740K, reserved 1134592K
  class space    used 12788K, capacity 13814K, committed 13848K, reserved 1048576K
}
Event: 36.254 GC heap before
{Heap before GC invocations=45 (full 0):
 garbage-first heap   total 428032K, used 275060K [0x0000000080000000, 0x0000000100000000)
  region size 1024K, 58 young (59392K), 10 survivors (10240K)
 Metaspace       used 96991K, capacity 99697K, committed 99868K, reserved 1134592K
  class space    used 12815K, capacity 13853K, committed 13976K, reserved 1048576K
}
Event: 36.297 GC heap after
{Heap after GC invocations=46 (full 0):
 garbage-first heap   total 428032K, used 244224K [0x0000000080000000, 0x0000000100000000)
  region size 1024K, 9 young (9216K), 9 survivors (9216K)
 Metaspace       used 96991K, capacity 99697K, committed 99868K, reserved 1134592K
  class space    used 12815K, capacity 13853K, committed 13976K, reserved 1048576K
}
Event: 38.145 GC heap before
{Heap before GC invocations=47 (full 0):
 garbage-first heap   total 428032K, used 287232K [0x0000000080000000, 0x0000000100000000)
  region size 1024K, 65 young (66560K), 9 survivors (9216K)
 Metaspace       used 100036K, capacity 102995K, committed 103068K, reserved 1138688K
  class space    used 13227K, capacity 14330K, committed 14360K, reserved 1048576K
}

