# JRE version: OpenJDK Runtime Environment (11.0.15) (build 11.0.15+0-b2043.56-9505619)
# Java VM: OpenJDK 64-Bit Server VM (11.0.15+0-b2043.56-9505619, mixed mode, tiered, compressed oops, g1 gc, windows-amd64)
Heap:
 garbage-first heap   total 376832K, used 266240K [0x0000000080000000, 0x0000000100000000)
  region size 1024K, 32 young (32768K), 6 survivors (6144K)
 Metaspace       used 107789K, capacity 111259K, committed 111312K, reserved 1144832K
  class space    used 14327K, capacity 15679K, committed 15716K, reserved 1048576K
GC Heap History (20 events):
Event: 32.616 GC heap before
{Heap before GC invocations=36 (full 0):
 garbage-first heap   total 196608K, used 121517K [0x0000000080000000, 0x0000000100000000)
  region size 1024K, 19 young (19456K), 1 survivors (1024K)
 Metaspace       used 105355K, capacity 108590K, committed 108752K, reserved 1142784K
  class space    used 13910K, capacity 15180K, committed 15204K, reserved 1048576K
}
Event: 32.621 GC heap after
{Heap after GC invocations=37 (full 0):
 garbage-first heap   total 196608K, used 105850K [0x0000000080000000, 0x0000000100000000)
  region size 1024K, 2 young (2048K), 2 survivors (2048K)
 Metaspace       used 105355K, capacity 108590K, committed 108752K, reserved 1142784K
  class space    used 13910K, capacity 15180K, committed 15204K, reserved 1048576K
}
Event: 32.977 GC heap before
{Heap before GC invocations=38 (full 0):
 garbage-first heap   total 196608K, used 193914K [0x0000000080000000, 0x0000000100000000)
  region size 1024K, 36 young (36864K), 2 survivors (2048K)
 Metaspace       used 105800K, capacity 109081K, committed 109392K, reserved 1142784K
  class space    used 13959K, capacity 15214K, committed 15332K, reserved 1048576K
}
Event: 32.998 GC heap after
{Heap after GC invocations=39 (full 0):
 garbage-first heap   total 210944K, used 144829K [0x0000000080000000, 0x0000000100000000)
  region size 1024K, 6 young (6144K), 6 survivors (6144K)
 Metaspace       used 105800K, capacity 109081K, committed 109392K, reserved 1142784K
  class space    used 13959K, capacity 15214K, committed 15332K, reserved 1048576K
}
Event: 33.021 GC heap before
{Heap before GC invocations=39 (full 0):
 garbage-first heap   total 210944K, used 147901K [0x0000000080000000, 0x0000000100000000)
  region size 1024K, 10 young (10240K), 6 survivors (6144K)
 Metaspace       used 105801K, capacity 109081K, committed 109392K, reserved 1142784K
  class space    used 13959K, capacity 15214K, committed 15332K, reserved 1048576K
}
Event: 33.031 GC heap after
{Heap after GC invocations=40 (full 0):
 garbage-first heap   total 210944K, used 147871K [0x0000000080000000, 0x0000000100000000)
  region size 1024K, 2 young (2048K), 2 survivors (2048K)
 Metaspace       used 105801K, capacity 109081K, committed 109392K, reserved 1142784K
  class space    used 13959K, capacity 15214K, committed 15332K, reserved 1048576K
}
Event: 33.142 GC heap before
{Heap before GC invocations=40 (full 0):
 garbage-first heap   total 210944K, used 171423K [0x0000000080000000, 0x0000000100000000)
  region size 1024K, 25 young (25600K), 2 survivors (2048K)
 Metaspace       used 105801K, capacity 109081K, committed 109392K, reserved 1142784K
  class space    used 13959K, capacity 15214K, committed 15332K, reserved 1048576K
}
Event: 33.160 GC heap after
{Heap after GC invocations=41 (full 0):
 garbage-first heap   total 210944K, used 158720K [0x0000000080000000, 0x0000000100000000)
  region size 1024K, 4 young (4096K), 4 survivors (4096K)
 Metaspace       used 105801K, capacity 109081K, committed 109392K, reserved 1142784K
  class space    used 13959K, capacity 15214K, committed 15332K, reserved 1048576K
}
Event: 33.433 GC heap before
{Heap before GC invocations=41 (full 0):
 garbage-first heap   total 210944K, used 175104K [0x0000000080000000, 0x0000000100000000)
  region size 1024K, 20 young (20480K), 4 survivors (4096K)
 Metaspace       used 106981K, capacity 110322K, committed 110416K, reserved 1144832K
  class space    used 14245K, capacity 15534K, committed 15588K, reserved 1048576K
}
Event: 33.448 GC heap after
{Heap after GC invocations=42 (full 0):
 garbage-first heap   total 210944K, used 164173K [0x0000000080000000, 0x0000000100000000)
  region size 1024K, 3 young (3072K), 3 survivors (3072K)
 Metaspace       used 106981K, capacity 110322K, committed 110416K, reserved 1144832K
  class space    used 14245K, capacity 15534K, committed 15588K, reserved 1048576K
}
Event: 33.575 GC heap before
{Heap before GC invocations=43 (full 0):
 garbage-first heap   total 210944K, used 176461K [0x0000000080000000, 0x0000000100000000)
  region size 1024K, 16 young (16384K), 3 survivors (3072K)
 Metaspace       used 107055K, capacity 110386K, committed 110672K, reserved 1144832K
  class space    used 14245K, capacity 15534K, committed 15588K, reserved 1048576K
}
Event: 33.590 GC heap after
{Heap after GC invocations=44 (full 0):
 garbage-first heap   total 260096K, used 171577K [0x0000000080000000, 0x0000000100000000)
  region size 1024K, 2 young (2048K), 2 survivors (2048K)
 Metaspace       used 107055K, capacity 110386K, committed 110672K, reserved 1144832K
  class space    used 14245K, capacity 15534K, committed 15588K, reserved 1048576K
}
Event: 33.673 GC heap before
{Heap before GC invocations=44 (full 0):
 garbage-first heap   total 260096K, used 181817K [0x0000000080000000, 0x0000000100000000)
  region size 1024K, 12 young (12288K), 2 survivors (2048K)
 Metaspace       used 107122K, capacity 110457K, committed 110672K, reserved 1144832K
  class space    used 14245K, capacity 15534K, committed 15588K, reserved 1048576K
}
Event: 33.683 GC heap after
{Heap after GC invocations=45 (full 0):
 garbage-first heap   total 260096K, used 177325K [0x0000000080000000, 0x0000000100000000)
  region size 1024K, 2 young (2048K), 2 survivors (2048K)
 Metaspace       used 107122K, capacity 110457K, committed 110672K, reserved 1144832K
  class space    used 14245K, capacity 15534K, committed 15588K, reserved 1048576K
}
Event: 33.791 GC heap before
{Heap before GC invocations=45 (full 0):
 garbage-first heap   total 260096K, used 200877K [0x0000000080000000, 0x0000000100000000)
  region size 1024K, 26 young (26624K), 2 survivors (2048K)
 Metaspace       used 107202K, capacity 110537K, committed 110672K, reserved 1144832K
  class space    used 14245K, capacity 15534K, committed 15588K, reserved 1048576K
}
Event: 33.807 GC heap after
{Heap after GC invocations=46 (full 0):
 garbage-first heap   total 260096K, used 191174K [0x0000000080000000, 0x0000000100000000)
  region size 1024K, 4 young (4096K), 4 survivors (4096K)
 Metaspace       used 107202K, capacity 110537K, committed 110672K, reserved 1144832K
  class space    used 14245K, capacity 15534K, committed 15588K, reserved 1048576K
}
Event: 33.861 GC heap before
{Heap before GC invocations=46 (full 0):
 garbage-first heap   total 260096K, used 208582K [0x0000000080000000, 0x0000000100000000)
  region size 1024K, 22 young (22528K), 4 survivors (4096K)
 Metaspace       used 107215K, capacity 110538K, committed 110672K, reserved 1144832K
  class space    used 14245K, capacity 15534K, committed 15588K, reserved 1048576K
}
Event: 33.873 GC heap after
{Heap after GC invocations=47 (full 0):
 garbage-first heap   total 260096K, used 201396K [0x0000000080000000, 0x0000000100000000)
  region size 1024K, 3 young (3072K), 3 survivors (3072K)
 Metaspace       used 107215K, capacity 110538K, committed 110672K, reserved 1144832K
  class space    used 14245K, capacity 15534K, committed 15588K, reserved 1048576K
}
Event: 33.932 GC heap before
{Heap before GC invocations=47 (full 0):
 garbage-first heap   total 260096K, used 215732K [0x0000000080000000, 0x0000000100000000)
  region size 1024K, 17 young (17408K), 3 survivors (3072K)
 Metaspace       used 107217K, capacity 110538K, committed 110672K, reserved 1144832K
  class space    used 14245K, capacity 15534K, committed 15588K, reserved 1048576K
}
Event: 33.951 GC heap after
{Heap after GC invocations=48 (full 0):
 garbage-first heap   total 376832K, used 209623K [0x0000000080000000, 0x0000000100000000)
  region size 1024K, 3 young (3072K), 3 survivors (3072K)
 Metaspace       used 107217K, capacity 110538K, committed 110672K, reserved 1144832K
  class space    used 14245K, capacity 15534K, committed 15588K, reserved 1048576K
}

