# JRE version: OpenJDK Runtime Environment (11.0.15) (build 11.0.15+0-b2043.56-9505619)
# Java VM: OpenJDK 64-Bit Server VM (11.0.15+0-b2043.56-9505619, mixed mode, tiered, compressed oops, g1 gc, windows-amd64)
Heap:
 garbage-first heap   total 543744K, used 192067K [0x0000000080000000, 0x0000000100000000)
  region size 1024K, 5 young (5120K), 5 survivors (5120K)
 Metaspace       used 96944K, capacity 99767K, committed 100124K, reserved 1136640K
  class space    used 12805K, capacity 13868K, committed 13976K, reserved 1048576K
GC Heap History (20 events):
Event: 38.220 GC heap after
{Heap after GC invocations=34 (full 0):
 garbage-first heap   total 177152K, used 147456K [0x0000000080000000, 0x0000000100000000)
  region size 1024K, 2 young (2048K), 2 survivors (2048K)
 Metaspace       used 93672K, capacity 96304K, committed 96540K, reserved 1132544K
  class space    used 12210K, capacity 13182K, committed 13208K, reserved 1048576K
}
Event: 38.272 GC heap before
{Heap before GC invocations=34 (full 0):
 garbage-first heap   total 177152K, used 153600K [0x0000000080000000, 0x0000000100000000)
  region size 1024K, 8 young (8192K), 2 survivors (2048K)
 Metaspace       used 93706K, capacity 96309K, committed 96540K, reserved 1132544K
  class space    used 12211K, capacity 13184K, committed 13208K, reserved 1048576K
}
Event: 38.279 GC heap after
{Heap after GC invocations=35 (full 0):
 garbage-first heap   total 177152K, used 149908K [0x0000000080000000, 0x0000000100000000)
  region size 1024K, 1 young (1024K), 1 survivors (1024K)
 Metaspace       used 93706K, capacity 96309K, committed 96540K, reserved 1132544K
  class space    used 12211K, capacity 13184K, committed 13208K, reserved 1048576K
}
Event: 38.343 GC heap before
{Heap before GC invocations=35 (full 0):
 garbage-first heap   total 177152K, used 156052K [0x0000000080000000, 0x0000000100000000)
  region size 1024K, 8 young (8192K), 1 survivors (1024K)
 Metaspace       used 93839K, capacity 96502K, committed 96668K, reserved 1132544K
  class space    used 12233K, capacity 13229K, committed 13336K, reserved 1048576K
}
Event: 38.352 GC heap after
{Heap after GC invocations=36 (full 0):
 garbage-first heap   total 177152K, used 153175K [0x0000000080000000, 0x0000000100000000)
  region size 1024K, 1 young (1024K), 1 survivors (1024K)
 Metaspace       used 93839K, capacity 96502K, committed 96668K, reserved 1132544K
  class space    used 12233K, capacity 13229K, committed 13336K, reserved 1048576K
}
Event: 38.402 GC heap before
{Heap before GC invocations=36 (full 0):
 garbage-first heap   total 177152K, used 159319K [0x0000000080000000, 0x0000000100000000)
  region size 1024K, 8 young (8192K), 1 survivors (1024K)
 Metaspace       used 93892K, capacity 96518K, committed 96668K, reserved 1132544K
  class space    used 12242K, capacity 13235K, committed 13336K, reserved 1048576K
}
Event: 38.410 GC heap after
{Heap after GC invocations=37 (full 0):
 garbage-first heap   total 177152K, used 156298K [0x0000000080000000, 0x0000000100000000)
  region size 1024K, 1 young (1024K), 1 survivors (1024K)
 Metaspace       used 93892K, capacity 96518K, committed 96668K, reserved 1132544K
  class space    used 12242K, capacity 13235K, committed 13336K, reserved 1048576K
}
Event: 38.499 GC heap before
{Heap before GC invocations=37 (full 0):
 garbage-first heap   total 177152K, used 165514K [0x0000000080000000, 0x0000000100000000)
  region size 1024K, 8 young (8192K), 1 survivors (1024K)
 Metaspace       used 93924K, capacity 96586K, committed 96924K, reserved 1132544K
  class space    used 12245K, capacity 13235K, committed 13336K, reserved 1048576K
}
Event: 38.508 GC heap after
{Heap after GC invocations=38 (full 0):
 garbage-first heap   total 177152K, used 160768K [0x0000000080000000, 0x0000000100000000)
  region size 1024K, 1 young (1024K), 1 survivors (1024K)
 Metaspace       used 93924K, capacity 96586K, committed 96924K, reserved 1132544K
  class space    used 12245K, capacity 13235K, committed 13336K, reserved 1048576K
}
Event: 38.538 GC heap before
{Heap before GC invocations=38 (full 0):
 garbage-first heap   total 177152K, used 167936K [0x0000000080000000, 0x0000000100000000)
  region size 1024K, 8 young (8192K), 1 survivors (1024K)
 Metaspace       used 93933K, capacity 96589K, committed 96924K, reserved 1132544K
  class space    used 12245K, capacity 13236K, committed 13336K, reserved 1048576K
}
Event: 38.547 GC heap after
{Heap after GC invocations=39 (full 0):
 garbage-first heap   total 177152K, used 162580K [0x0000000080000000, 0x0000000100000000)
  region size 1024K, 1 young (1024K), 1 survivors (1024K)
 Metaspace       used 93933K, capacity 96589K, committed 96924K, reserved 1132544K
  class space    used 12245K, capacity 13236K, committed 13336K, reserved 1048576K
}
Event: 38.645 GC heap before
{Heap before GC invocations=40 (full 0):
 garbage-first heap   total 177152K, used 169748K [0x0000000080000000, 0x0000000100000000)
  region size 1024K, 8 young (8192K), 1 survivors (1024K)
 Metaspace       used 94129K, capacity 96822K, committed 96924K, reserved 1132544K
  class space    used 12273K, capacity 13271K, committed 13336K, reserved 1048576K
}
Event: 38.662 GC heap after
{Heap after GC invocations=41 (full 0):
 garbage-first heap   total 270336K, used 165214K [0x0000000080000000, 0x0000000100000000)
  region size 1024K, 1 young (1024K), 1 survivors (1024K)
 Metaspace       used 94129K, capacity 96822K, committed 96924K, reserved 1132544K
  class space    used 12273K, capacity 13271K, committed 13336K, reserved 1048576K
}
Event: 38.897 GC heap before
{Heap before GC invocations=41 (full 0):
 garbage-first heap   total 270336K, used 191838K [0x0000000080000000, 0x0000000100000000)
  region size 1024K, 28 young (28672K), 1 survivors (1024K)
 Metaspace       used 94241K, capacity 96900K, committed 97180K, reserved 1132544K
  class space    used 12290K, capacity 13275K, committed 13336K, reserved 1048576K
}
Event: 38.917 GC heap after
{Heap after GC invocations=42 (full 0):
 garbage-first heap   total 270336K, used 171391K [0x0000000080000000, 0x0000000100000000)
  region size 1024K, 4 young (4096K), 4 survivors (4096K)
 Metaspace       used 94241K, capacity 96900K, committed 97180K, reserved 1132544K
  class space    used 12290K, capacity 13275K, committed 13336K, reserved 1048576K
}
Event: 39.117 GC heap before
{Heap before GC invocations=42 (full 0):
 garbage-first heap   total 270336K, used 199039K [0x0000000080000000, 0x0000000100000000)
  region size 1024K, 31 young (31744K), 4 survivors (4096K)
 Metaspace       used 95161K, capacity 97892K, committed 98204K, reserved 1134592K
  class space    used 12453K, capacity 13489K, committed 13592K, reserved 1048576K
}
Event: 39.129 GC heap after
{Heap after GC invocations=43 (full 0):
 garbage-first heap   total 270336K, used 173032K [0x0000000080000000, 0x0000000100000000)
  region size 1024K, 2 young (2048K), 2 survivors (2048K)
 Metaspace       used 95161K, capacity 97892K, committed 98204K, reserved 1134592K
  class space    used 12453K, capacity 13489K, committed 13592K, reserved 1048576K
}
Event: 39.698 GC heap before
{Heap before GC invocations=44 (full 0):
 garbage-first heap   total 270336K, used 204776K [0x0000000080000000, 0x0000000100000000)
  region size 1024K, 31 young (31744K), 2 survivors (2048K)
 Metaspace       used 96715K, capacity 99453K, committed 99484K, reserved 1134592K
  class space    used 12790K, capacity 13821K, committed 13848K, reserved 1048576K
}
Event: 39.708 GC heap after
{Heap after GC invocations=45 (full 0):
 garbage-first heap   total 270336K, used 177563K [0x0000000080000000, 0x0000000100000000)
  region size 1024K, 4 young (4096K), 4 survivors (4096K)
 Metaspace       used 96715K, capacity 99453K, committed 99484K, reserved 1134592K
  class space    used 12790K, capacity 13821K, committed 13848K, reserved 1048576K
}
Event: 39.998 GC heap before
{Heap before GC invocations=45 (full 0):
 garbage-first heap   total 270336K, used 207259K [0x0000000080000000, 0x0000000100000000)
  region size 1024K, 33 young (33792K), 4 survivors (4096K)
 Metaspace       used 96944K, capacity 99767K, committed 100124K, reserved 1136640K
  class space    used 12805K, capacity 13868K, committed 13976K, reserved 1048576K
}

