# JRE version: OpenJDK Runtime Environment (11.0.15) (build 11.0.15+0-b2043.56-9505619)
# Java VM: OpenJDK 64-Bit Server VM (11.0.15+0-b2043.56-9505619, mixed mode, tiered, compressed oops, g1 gc, windows-amd64)
Heap:
 garbage-first heap   total 598016K, used 227921K [0x0000000080000000, 0x0000000100000000)
  region size 1024K, 3 young (3072K), 3 survivors (3072K)
 Metaspace       used 92756K, capacity 95348K, committed 95748K, reserved 1132544K
  class space    used 12270K, capacity 13280K, committed 13464K, reserved 1048576K
GC Heap History (20 events):
Event: 29.831 GC heap after
{Heap after GC invocations=31 (full 0):
 garbage-first heap   total 175104K, used 139196K [0x0000000080000000, 0x0000000100000000)
  region size 1024K, 2 young (2048K), 2 survivors (2048K)
 Metaspace       used 88468K, capacity 90902K, committed 91396K, reserved 1128448K
  class space    used 11549K, capacity 12508K, committed 12696K, reserved 1048576K
}
Event: 29.877 GC heap before
{Heap before GC invocations=32 (full 0):
 garbage-first heap   total 175104K, used 148412K [0x0000000080000000, 0x0000000100000000)
  region size 1024K, 10 young (10240K), 2 survivors (2048K)
 Metaspace       used 88468K, capacity 90902K, committed 91396K, reserved 1128448K
  class space    used 11549K, capacity 12508K, committed 12696K, reserved 1048576K
}
Event: 29.885 GC heap after
{Heap after GC invocations=33 (full 0):
 garbage-first heap   total 175104K, used 143970K [0x0000000080000000, 0x0000000100000000)
  region size 1024K, 2 young (2048K), 2 survivors (2048K)
 Metaspace       used 88468K, capacity 90902K, committed 91396K, reserved 1128448K
  class space    used 11549K, capacity 12508K, committed 12696K, reserved 1048576K
}
Event: 29.916 GC heap before
{Heap before GC invocations=33 (full 0):
 garbage-first heap   total 175104K, used 149090K [0x0000000080000000, 0x0000000100000000)
  region size 1024K, 8 young (8192K), 2 survivors (2048K)
 Metaspace       used 88468K, capacity 90902K, committed 91396K, reserved 1128448K
  class space    used 11549K, capacity 12508K, committed 12696K, reserved 1048576K
}
Event: 29.926 GC heap after
{Heap after GC invocations=34 (full 0):
 garbage-first heap   total 210944K, used 146850K [0x0000000080000000, 0x0000000100000000)
  region size 1024K, 1 young (1024K), 1 survivors (1024K)
 Metaspace       used 88468K, capacity 90902K, committed 91396K, reserved 1128448K
  class space    used 11549K, capacity 12508K, committed 12696K, reserved 1048576K
}
Event: 30.309 GC heap before
{Heap before GC invocations=35 (full 0):
 garbage-first heap   total 210944K, used 161186K [0x0000000080000000, 0x0000000100000000)
  region size 1024K, 16 young (16384K), 1 survivors (1024K)
 Metaspace       used 90571K, capacity 93179K, committed 93316K, reserved 1130496K
  class space    used 12041K, capacity 13076K, committed 13080K, reserved 1048576K
}
Event: 30.321 GC heap after
{Heap after GC invocations=36 (full 0):
 garbage-first heap   total 210944K, used 150887K [0x0000000080000000, 0x0000000100000000)
  region size 1024K, 2 young (2048K), 2 survivors (2048K)
 Metaspace       used 90571K, capacity 93179K, committed 93316K, reserved 1130496K
  class space    used 12041K, capacity 13076K, committed 13080K, reserved 1048576K
}
Event: 30.480 GC heap before
{Heap before GC invocations=36 (full 0):
 garbage-first heap   total 210944K, used 165223K [0x0000000080000000, 0x0000000100000000)
  region size 1024K, 17 young (17408K), 2 survivors (2048K)
 Metaspace       used 90872K, capacity 93482K, committed 93700K, reserved 1130496K
  class space    used 12060K, capacity 13112K, committed 13208K, reserved 1048576K
}
Event: 30.493 GC heap after
{Heap after GC invocations=37 (full 0):
 garbage-first heap   total 210944K, used 158720K [0x0000000080000000, 0x0000000100000000)
  region size 1024K, 3 young (3072K), 3 survivors (3072K)
 Metaspace       used 90872K, capacity 93482K, committed 93700K, reserved 1130496K
  class space    used 12060K, capacity 13112K, committed 13208K, reserved 1048576K
}
Event: 30.571 GC heap before
{Heap before GC invocations=37 (full 0):
 garbage-first heap   total 210944K, used 172032K [0x0000000080000000, 0x0000000100000000)
  region size 1024K, 16 young (16384K), 3 survivors (3072K)
 Metaspace       used 90928K, capacity 93549K, committed 93700K, reserved 1130496K
  class space    used 12060K, capacity 13112K, committed 13208K, reserved 1048576K
}
Event: 30.580 GC heap after
{Heap after GC invocations=38 (full 0):
 garbage-first heap   total 210944K, used 166433K [0x0000000080000000, 0x0000000100000000)
  region size 1024K, 2 young (2048K), 2 survivors (2048K)
 Metaspace       used 90928K, capacity 93549K, committed 93700K, reserved 1130496K
  class space    used 12060K, capacity 13112K, committed 13208K, reserved 1048576K
}
Event: 30.623 GC heap before
{Heap before GC invocations=38 (full 0):
 garbage-first heap   total 210944K, used 175649K [0x0000000080000000, 0x0000000100000000)
  region size 1024K, 11 young (11264K), 2 survivors (2048K)
 Metaspace       used 90967K, capacity 93556K, committed 93700K, reserved 1130496K
  class space    used 12060K, capacity 13112K, committed 13208K, reserved 1048576K
}
Event: 30.635 GC heap after
{Heap after GC invocations=39 (full 0):
 garbage-first heap   total 292864K, used 171892K [0x0000000080000000, 0x0000000100000000)
  region size 1024K, 2 young (2048K), 2 survivors (2048K)
 Metaspace       used 90967K, capacity 93556K, committed 93700K, reserved 1130496K
  class space    used 12060K, capacity 13112K, committed 13208K, reserved 1048576K
}
Event: 30.819 GC heap before
{Heap before GC invocations=39 (full 0):
 garbage-first heap   total 292864K, used 202612K [0x0000000080000000, 0x0000000100000000)
  region size 1024K, 33 young (33792K), 2 survivors (2048K)
 Metaspace       used 91013K, capacity 93630K, committed 93956K, reserved 1130496K
  class space    used 12060K, capacity 13112K, committed 13208K, reserved 1048576K
}
Event: 30.840 GC heap after
{Heap after GC invocations=40 (full 0):
 garbage-first heap   total 292864K, used 189440K [0x0000000080000000, 0x0000000100000000)
  region size 1024K, 5 young (5120K), 5 survivors (5120K)
 Metaspace       used 91013K, capacity 93630K, committed 93956K, reserved 1130496K
  class space    used 12060K, capacity 13112K, committed 13208K, reserved 1048576K
}
Event: 30.959 GC heap before
{Heap before GC invocations=41 (full 0):
 garbage-first heap   total 292864K, used 214016K [0x0000000080000000, 0x0000000100000000)
  region size 1024K, 31 young (31744K), 5 survivors (5120K)
 Metaspace       used 91020K, capacity 93630K, committed 93956K, reserved 1130496K
  class space    used 12060K, capacity 13112K, committed 13208K, reserved 1048576K
}
Event: 30.985 GC heap after
{Heap after GC invocations=42 (full 0):
 garbage-first heap   total 292864K, used 204300K [0x0000000080000000, 0x0000000100000000)
  region size 1024K, 4 young (4096K), 4 survivors (4096K)
 Metaspace       used 91020K, capacity 93630K, committed 93956K, reserved 1130496K
  class space    used 12060K, capacity 13112K, committed 13208K, reserved 1048576K
}
Event: 31.096 GC heap before
{Heap before GC invocations=42 (full 0):
 garbage-first heap   total 292864K, used 228876K [0x0000000080000000, 0x0000000100000000)
  region size 1024K, 26 young (26624K), 4 survivors (4096K)
 Metaspace       used 91021K, capacity 93630K, committed 93956K, reserved 1130496K
  class space    used 12060K, capacity 13112K, committed 13208K, reserved 1048576K
}
Event: 31.113 GC heap after
{Heap after GC invocations=43 (full 0):
 garbage-first heap   total 292864K, used 219129K [0x0000000080000000, 0x0000000100000000)
  region size 1024K, 4 young (4096K), 4 survivors (4096K)
 Metaspace       used 91021K, capacity 93630K, committed 93956K, reserved 1130496K
  class space    used 12060K, capacity 13112K, committed 13208K, reserved 1048576K
}
Event: 31.648 GC heap before
{Heap before GC invocations=44 (full 0):
 garbage-first heap   total 292864K, used 238585K [0x0000000080000000, 0x0000000100000000)
  region size 1024K, 22 young (22528K), 4 survivors (4096K)
 Metaspace       used 92756K, capacity 95348K, committed 95748K, reserved 1132544K
  class space    used 12270K, capacity 13280K, committed 13464K, reserved 1048576K
}

