# JRE version: OpenJDK Runtime Environment (11.0.15) (build 11.0.15+0-b2043.56-9505619)
# Java VM: OpenJDK 64-Bit Server VM (11.0.15+0-b2043.56-9505619, mixed mode, tiered, compressed oops, g1 gc, windows-amd64)
Heap:
 garbage-first heap   total 575488K, used 218112K [0x0000000080000000, 0x0000000100000000)
  region size 1024K, 3 young (3072K), 3 survivors (3072K)
 Metaspace       used 106027K, capacity 108954K, committed 109212K, reserved 1142784K
  class space    used 13897K, capacity 15039K, committed 15128K, reserved 1048576K
GC Heap History (20 events):
Event: 56.108 GC heap after
{Heap after GC invocations=50 (full 0):
 garbage-first heap   total 177152K, used 147929K [0x0000000080000000, 0x0000000100000000)
  region size 1024K, 1 young (1024K), 1 survivors (1024K)
 Metaspace       used 103454K, capacity 106243K, committed 106396K, reserved 1140736K
  class space    used 13391K, capacity 14487K, committed 14616K, reserved 1048576K
}
Event: 56.214 GC heap before
{Heap before GC invocations=50 (full 0):
 garbage-first heap   total 177152K, used 154073K [0x0000000080000000, 0x0000000100000000)
  region size 1024K, 8 young (8192K), 1 survivors (1024K)
 Metaspace       used 103454K, capacity 106243K, committed 106396K, reserved 1140736K
  class space    used 13391K, capacity 14487K, committed 14616K, reserved 1048576K
}
Event: 56.223 GC heap after
{Heap after GC invocations=51 (full 0):
 garbage-first heap   total 177152K, used 151552K [0x0000000080000000, 0x0000000100000000)
  region size 1024K, 1 young (1024K), 1 survivors (1024K)
 Metaspace       used 103454K, capacity 106243K, committed 106396K, reserved 1140736K
  class space    used 13391K, capacity 14487K, committed 14616K, reserved 1048576K
}
Event: 56.316 GC heap before
{Heap before GC invocations=51 (full 0):
 garbage-first heap   total 177152K, used 159744K [0x0000000080000000, 0x0000000100000000)
  region size 1024K, 8 young (8192K), 1 survivors (1024K)
 Metaspace       used 103455K, capacity 106243K, committed 106396K, reserved 1140736K
  class space    used 13391K, capacity 14487K, committed 14616K, reserved 1048576K
}
Event: 56.329 GC heap after
{Heap after GC invocations=52 (full 0):
 garbage-first heap   total 212992K, used 155789K [0x0000000080000000, 0x0000000100000000)
  region size 1024K, 1 young (1024K), 1 survivors (1024K)
 Metaspace       used 103455K, capacity 106243K, committed 106396K, reserved 1140736K
  class space    used 13391K, capacity 14487K, committed 14616K, reserved 1048576K
}
Event: 56.613 GC heap before
{Heap before GC invocations=53 (full 0):
 garbage-first heap   total 212992K, used 170125K [0x0000000080000000, 0x0000000100000000)
  region size 1024K, 14 young (14336K), 1 survivors (1024K)
 Metaspace       used 103457K, capacity 106243K, committed 106396K, reserved 1140736K
  class space    used 13391K, capacity 14487K, committed 14616K, reserved 1048576K
}
Event: 56.629 GC heap after
{Heap after GC invocations=54 (full 0):
 garbage-first heap   total 212992K, used 162254K [0x0000000080000000, 0x0000000100000000)
  region size 1024K, 2 young (2048K), 2 survivors (2048K)
 Metaspace       used 103457K, capacity 106243K, committed 106396K, reserved 1140736K
  class space    used 13391K, capacity 14487K, committed 14616K, reserved 1048576K
}
Event: 56.793 GC heap before
{Heap before GC invocations=54 (full 0):
 garbage-first heap   total 212992K, used 169422K [0x0000000080000000, 0x0000000100000000)
  region size 1024K, 10 young (10240K), 2 survivors (2048K)
 Metaspace       used 103457K, capacity 106243K, committed 106396K, reserved 1140736K
  class space    used 13391K, capacity 14487K, committed 14616K, reserved 1048576K
}
Event: 56.807 GC heap after
{Heap after GC invocations=55 (full 0):
 garbage-first heap   total 212992K, used 164864K [0x0000000080000000, 0x0000000100000000)
  region size 1024K, 2 young (2048K), 2 survivors (2048K)
 Metaspace       used 103457K, capacity 106243K, committed 106396K, reserved 1140736K
  class space    used 13391K, capacity 14487K, committed 14616K, reserved 1048576K
}
Event: 57.066 GC heap before
{Heap before GC invocations=55 (full 0):
 garbage-first heap   total 212992K, used 176128K [0x0000000080000000, 0x0000000100000000)
  region size 1024K, 13 young (13312K), 2 survivors (2048K)
 Metaspace       used 104570K, capacity 107478K, committed 107676K, reserved 1142784K
  class space    used 13627K, capacity 14761K, committed 14872K, reserved 1048576K
}
Event: 57.077 GC heap after
{Heap after GC invocations=56 (full 0):
 garbage-first heap   total 212992K, used 168278K [0x0000000080000000, 0x0000000100000000)
  region size 1024K, 2 young (2048K), 2 survivors (2048K)
 Metaspace       used 104570K, capacity 107478K, committed 107676K, reserved 1142784K
  class space    used 13627K, capacity 14761K, committed 14872K, reserved 1048576K
}
Event: 57.444 GC heap before
{Heap before GC invocations=56 (full 0):
 garbage-first heap   total 212992K, used 178518K [0x0000000080000000, 0x0000000100000000)
  region size 1024K, 12 young (12288K), 2 survivors (2048K)
 Metaspace       used 105757K, capacity 108667K, committed 108956K, reserved 1142784K
  class space    used 13888K, capacity 15033K, committed 15128K, reserved 1048576K
}
Event: 57.466 GC heap after
{Heap after GC invocations=57 (full 0):
 garbage-first heap   total 288768K, used 172250K [0x0000000080000000, 0x0000000100000000)
  region size 1024K, 2 young (2048K), 2 survivors (2048K)
 Metaspace       used 105757K, capacity 108667K, committed 108956K, reserved 1142784K
  class space    used 13888K, capacity 15033K, committed 15128K, reserved 1048576K
}
Event: 57.678 GC heap before
{Heap before GC invocations=58 (full 0):
 garbage-first heap   total 288768K, used 184538K [0x0000000080000000, 0x0000000100000000)
  region size 1024K, 14 young (14336K), 2 survivors (2048K)
 Metaspace       used 105900K, capacity 108869K, committed 109212K, reserved 1142784K
  class space    used 13888K, capacity 15033K, committed 15128K, reserved 1048576K
}
Event: 57.690 GC heap after
{Heap after GC invocations=59 (full 0):
 garbage-first heap   total 288768K, used 178600K [0x0000000080000000, 0x0000000100000000)
  region size 1024K, 2 young (2048K), 2 survivors (2048K)
 Metaspace       used 105900K, capacity 108869K, committed 109212K, reserved 1142784K
  class space    used 13888K, capacity 15033K, committed 15128K, reserved 1048576K
}
Event: 57.979 GC heap before
{Heap before GC invocations=59 (full 0):
 garbage-first heap   total 288768K, used 207272K [0x0000000080000000, 0x0000000100000000)
  region size 1024K, 30 young (30720K), 2 survivors (2048K)
 Metaspace       used 105949K, capacity 108936K, committed 109212K, reserved 1142784K
  class space    used 13890K, capacity 15034K, committed 15128K, reserved 1048576K
}
Event: 58.001 GC heap after
{Heap after GC invocations=60 (full 0):
 garbage-first heap   total 288768K, used 193446K [0x0000000080000000, 0x0000000100000000)
  region size 1024K, 4 young (4096K), 4 survivors (4096K)
 Metaspace       used 105949K, capacity 108936K, committed 109212K, reserved 1142784K
  class space    used 13890K, capacity 15034K, committed 15128K, reserved 1048576K
}
Event: 58.139 GC heap before
{Heap before GC invocations=60 (full 0):
 garbage-first heap   total 288768K, used 216998K [0x0000000080000000, 0x0000000100000000)
  region size 1024K, 28 young (28672K), 4 survivors (4096K)
 Metaspace       used 105997K, capacity 108944K, committed 109212K, reserved 1142784K
  class space    used 13892K, capacity 15036K, committed 15128K, reserved 1048576K
}
Event: 58.162 GC heap after
{Heap after GC invocations=61 (full 0):
 garbage-first heap   total 288768K, used 206848K [0x0000000080000000, 0x0000000100000000)
  region size 1024K, 4 young (4096K), 4 survivors (4096K)
 Metaspace       used 105997K, capacity 108944K, committed 109212K, reserved 1142784K
  class space    used 13892K, capacity 15036K, committed 15128K, reserved 1048576K
}
Event: 58.265 GC heap before
{Heap before GC invocations=61 (full 0):
 garbage-first heap   total 288768K, used 227328K [0x0000000080000000, 0x0000000100000000)
  region size 1024K, 24 young (24576K), 4 survivors (4096K)
 Metaspace       used 106027K, capacity 108954K, committed 109212K, reserved 1142784K
  class space    used 13897K, capacity 15039K, committed 15128K, reserved 1048576K
}

