# JRE version: OpenJDK Runtime Environment (11.0.15) (build 11.0.15+0-b2043.56-9505619)
# Java VM: OpenJDK 64-Bit Server VM (11.0.15+0-b2043.56-9505619, mixed mode, tiered, compressed oops, g1 gc, windows-amd64)
Heap:
 garbage-first heap   total 345088K, used 186328K [0x0000000080000000, 0x0000000100000000)
  region size 1024K, 2 young (2048K), 2 survivors (2048K)
 Metaspace       used 116419K, capacity 120085K, committed 122844K, reserved 1155072K
  class space    used 15125K, capacity 16518K, committed 17560K, reserved 1048576K
GC Heap History (20 events):
Event: 102.545 GC heap after
{Heap after GC invocations=50 (full 0):
 garbage-first heap   total 190464K, used 152481K [0x0000000080000000, 0x0000000100000000)
  region size 1024K, 3 young (3072K), 3 survivors (3072K)
 Metaspace       used 116067K, capacity 120286K, committed 121948K, reserved 1155072K
  class space    used 15185K, capacity 16789K, committed 17432K, reserved 1048576K
}
Event: 102.583 GC heap before
{Heap before GC invocations=50 (full 0):
 garbage-first heap   total 190464K, used 157601K [0x0000000080000000, 0x0000000100000000)
  region size 1024K, 9 young (9216K), 3 survivors (3072K)
 Metaspace       used 116101K, capacity 120287K, committed 121948K, reserved 1155072K
  class space    used 15185K, capacity 16789K, committed 17432K, reserved 1048576K
}
Event: 102.593 GC heap after
{Heap after GC invocations=51 (full 0):
 garbage-first heap   total 190464K, used 140987K [0x0000000080000000, 0x0000000100000000)
  region size 1024K, 2 young (2048K), 2 survivors (2048K)
 Metaspace       used 116101K, capacity 120287K, committed 121948K, reserved 1155072K
  class space    used 15185K, capacity 16789K, committed 17432K, reserved 1048576K
}
Event: 102.720 GC heap before
{Heap before GC invocations=51 (full 0):
 garbage-first heap   total 190464K, used 161467K [0x0000000080000000, 0x0000000100000000)
  region size 1024K, 20 young (20480K), 2 survivors (2048K)
 Metaspace       used 116140K, capacity 120352K, committed 121948K, reserved 1155072K
  class space    used 15185K, capacity 16789K, committed 17432K, reserved 1048576K
}
Event: 102.730 GC heap after
{Heap after GC invocations=52 (full 0):
 garbage-first heap   total 190464K, used 150418K [0x0000000080000000, 0x0000000100000000)
  region size 1024K, 3 young (3072K), 3 survivors (3072K)
 Metaspace       used 116140K, capacity 120352K, committed 121948K, reserved 1155072K
  class space    used 15185K, capacity 16789K, committed 17432K, reserved 1048576K
}
Event: 102.788 GC heap before
{Heap before GC invocations=52 (full 0):
 garbage-first heap   total 190464K, used 161682K [0x0000000080000000, 0x0000000100000000)
  region size 1024K, 14 young (14336K), 3 survivors (3072K)
 Metaspace       used 116140K, capacity 120352K, committed 121948K, reserved 1155072K
  class space    used 15185K, capacity 16789K, committed 17432K, reserved 1048576K
}
Event: 102.801 GC heap after
{Heap after GC invocations=53 (full 0):
 garbage-first heap   total 190464K, used 156483K [0x0000000080000000, 0x0000000100000000)
  region size 1024K, 2 young (2048K), 2 survivors (2048K)
 Metaspace       used 116140K, capacity 120352K, committed 121948K, reserved 1155072K
  class space    used 15185K, capacity 16789K, committed 17432K, reserved 1048576K
}
Event: 102.809 GC heap before
{Heap before GC invocations=53 (full 0):
 garbage-first heap   total 190464K, used 157507K [0x0000000080000000, 0x0000000100000000)
  region size 1024K, 4 young (4096K), 2 survivors (2048K)
 Metaspace       used 116140K, capacity 120352K, committed 121948K, reserved 1155072K
  class space    used 15185K, capacity 16789K, committed 17432K, reserved 1048576K
}
Event: 102.815 GC heap after
{Heap after GC invocations=54 (full 0):
 garbage-first heap   total 190464K, used 157848K [0x0000000080000000, 0x0000000100000000)
  region size 1024K, 1 young (1024K), 1 survivors (1024K)
 Metaspace       used 116140K, capacity 120352K, committed 121948K, reserved 1155072K
  class space    used 15185K, capacity 16789K, committed 17432K, reserved 1048576K
}
Event: 102.842 GC heap before
{Heap before GC invocations=54 (full 0):
 garbage-first heap   total 190464K, used 167064K [0x0000000080000000, 0x0000000100000000)
  region size 1024K, 9 young (9216K), 1 survivors (1024K)
 Metaspace       used 116140K, capacity 120352K, committed 121948K, reserved 1155072K
  class space    used 15185K, capacity 16789K, committed 17432K, reserved 1048576K
}
Event: 102.849 GC heap after
{Heap after GC invocations=55 (full 0):
 garbage-first heap   total 190464K, used 162119K [0x0000000080000000, 0x0000000100000000)
  region size 1024K, 2 young (2048K), 2 survivors (2048K)
 Metaspace       used 116140K, capacity 120352K, committed 121948K, reserved 1155072K
  class space    used 15185K, capacity 16789K, committed 17432K, reserved 1048576K
}
Event: 102.891 GC heap before
{Heap before GC invocations=55 (full 0):
 garbage-first heap   total 190464K, used 168263K [0x0000000080000000, 0x0000000100000000)
  region size 1024K, 9 young (9216K), 2 survivors (2048K)
 Metaspace       used 116141K, capacity 120352K, committed 121948K, reserved 1155072K
  class space    used 15185K, capacity 16789K, committed 17432K, reserved 1048576K
}
Event: 102.903 GC heap after
{Heap after GC invocations=56 (full 0):
 garbage-first heap   total 229376K, used 165208K [0x0000000080000000, 0x0000000100000000)
  region size 1024K, 2 young (2048K), 2 survivors (2048K)
 Metaspace       used 116141K, capacity 120352K, committed 121948K, reserved 1155072K
  class space    used 15185K, capacity 16789K, committed 17432K, reserved 1048576K
}
Event: 103.208 GC heap before
{Heap before GC invocations=57 (full 0):
 garbage-first heap   total 229376K, used 179544K [0x0000000080000000, 0x0000000100000000)
  region size 1024K, 18 young (18432K), 2 survivors (2048K)
 Metaspace       used 116281K, capacity 119946K, committed 122844K, reserved 1155072K
  class space    used 15125K, capacity 16518K, committed 17560K, reserved 1048576K
}
Event: 103.222 GC heap after
{Heap after GC invocations=58 (full 0):
 garbage-first heap   total 229376K, used 169348K [0x0000000080000000, 0x0000000100000000)
  region size 1024K, 3 young (3072K), 3 survivors (3072K)
 Metaspace       used 116281K, capacity 119946K, committed 122844K, reserved 1155072K
  class space    used 15125K, capacity 16518K, committed 17560K, reserved 1048576K
}
Event: 103.276 GC heap before
{Heap before GC invocations=58 (full 0):
 garbage-first heap   total 229376K, used 177540K [0x0000000080000000, 0x0000000100000000)
  region size 1024K, 11 young (11264K), 3 survivors (3072K)
 Metaspace       used 116319K, capacity 120011K, committed 122844K, reserved 1155072K
  class space    used 15125K, capacity 16518K, committed 17560K, reserved 1048576K
}
Event: 103.288 GC heap after
{Heap after GC invocations=59 (full 0):
 garbage-first heap   total 229376K, used 172850K [0x0000000080000000, 0x0000000100000000)
  region size 1024K, 2 young (2048K), 2 survivors (2048K)
 Metaspace       used 116319K, capacity 120011K, committed 122844K, reserved 1155072K
  class space    used 15125K, capacity 16518K, committed 17560K, reserved 1048576K
}
Event: 103.345 GC heap before
{Heap before GC invocations=59 (full 0):
 garbage-first heap   total 229376K, used 186162K [0x0000000080000000, 0x0000000100000000)
  region size 1024K, 15 young (15360K), 2 survivors (2048K)
 Metaspace       used 116380K, capacity 120012K, committed 122844K, reserved 1155072K
  class space    used 15125K, capacity 16518K, committed 17560K, reserved 1048576K
}
Event: 103.356 GC heap after
{Heap after GC invocations=60 (full 0):
 garbage-first heap   total 229376K, used 180362K [0x0000000080000000, 0x0000000100000000)
  region size 1024K, 2 young (2048K), 2 survivors (2048K)
 Metaspace       used 116380K, capacity 120012K, committed 122844K, reserved 1155072K
  class space    used 15125K, capacity 16518K, committed 17560K, reserved 1048576K
}
Event: 103.402 GC heap before
{Heap before GC invocations=60 (full 0):
 garbage-first heap   total 229376K, used 190602K [0x0000000080000000, 0x0000000100000000)
  region size 1024K, 12 young (12288K), 2 survivors (2048K)
 Metaspace       used 116419K, capacity 120085K, committed 122844K, reserved 1155072K
  class space    used 15125K, capacity 16518K, committed 17560K, reserved 1048576K
}

